[0.285s] DEBUG:colcon:Command line arguments: ['/usr/bin/colcon', 'build']
[0.285s] DEBUG:colcon:Parsed command line arguments: Namespace(allow_overriding=[], ament_cmake_args=None, base_paths=['.'], build_base='build', catkin_cmake_args=None, catkin_skip_building_tests=False, cmake_args=None, cmake_clean_cache=False, cmake_clean_first=False, cmake_force_configure=False, cmake_target=None, cmake_target_skip_unavailable=False, continue_on_error=False, event_handlers=None, executor='parallel', ignore_user_meta=False, install_base='install', log_base=None, log_level=None, main=<bound method BuildVerb.main of <colcon_core.verb.build.BuildVerb object at 0x7f0e20b949a0>>, merge_install=False, metas=['./colcon.meta'], packages_above=None, packages_above_and_dependencies=None, packages_above_depth=None, packages_end=None, packages_ignore=None, packages_ignore_regex=None, packages_select=None, packages_select_build_failed=False, packages_select_by_dep=None, packages_select_regex=None, packages_select_test_failures=False, packages_skip=None, packages_skip_build_finished=False, packages_skip_by_dep=None, packages_skip_regex=None, packages_skip_test_passed=False, packages_skip_up_to=None, packages_start=None, packages_up_to=None, packages_up_to_regex=None, parallel_workers=6, paths=None, symlink_install=False, test_result_base=None, verb_extension=<colcon_core.verb.build.BuildVerb object at 0x7f0e20b949a0>, verb_name='build', verb_parser=<colcon_defaults.argument_parser.defaults.DefaultArgumentsDecorator object at 0x7f0e20b94f10>)
[0.317s] Level 1:colcon.colcon_core.package_discovery:discover_packages(colcon_meta) check parameters
[0.318s] Level 1:colcon.colcon_core.package_discovery:discover_packages(recursive) check parameters
[0.318s] Level 1:colcon.colcon_core.package_discovery:discover_packages(ignore) check parameters
[0.318s] Level 1:colcon.colcon_core.package_discovery:discover_packages(path) check parameters
[0.318s] Level 1:colcon.colcon_core.package_discovery:discover_packages(colcon_meta) discover
[0.318s] Level 1:colcon.colcon_core.package_discovery:discover_packages(recursive) discover
[0.318s] INFO:colcon.colcon_core.package_discovery:Crawling recursively for packages in '/home/usuario/Documentos/GitHub/IR2121/Navigation/src/patrolling'
[0.318s] Level 1:colcon.colcon_core.package_identification:_identify(.) by extensions ['ignore', 'ignore_ament_install']
[0.318s] Level 1:colcon.colcon_core.package_identification:_identify(.) by extension 'ignore'
[0.318s] Level 1:colcon.colcon_core.package_identification:_identify(.) by extension 'ignore_ament_install'
[0.318s] Level 1:colcon.colcon_core.package_identification:_identify(.) by extensions ['colcon_pkg']
[0.318s] Level 1:colcon.colcon_core.package_identification:_identify(.) by extension 'colcon_pkg'
[0.318s] Level 1:colcon.colcon_core.package_identification:_identify(.) by extensions ['colcon_meta']
[0.318s] Level 1:colcon.colcon_core.package_identification:_identify(.) by extension 'colcon_meta'
[0.318s] Level 1:colcon.colcon_core.package_identification:_identify(.) by extensions ['ros']
[0.318s] Level 1:colcon.colcon_core.package_identification:_identify(.) by extension 'ros'
[0.330s] DEBUG:colcon.colcon_core.package_identification:Package '.' with type 'ros.ament_cmake' and name 'patrolling'
[0.330s] Level 1:colcon.colcon_core.package_discovery:discover_packages(recursive) using defaults
[0.330s] Level 1:colcon.colcon_core.package_discovery:discover_packages(ignore) discover
[0.331s] Level 1:colcon.colcon_core.package_discovery:discover_packages(ignore) using defaults
[0.331s] Level 1:colcon.colcon_core.package_discovery:discover_packages(path) discover
[0.331s] Level 1:colcon.colcon_core.package_discovery:discover_packages(path) using defaults
[0.349s] Level 1:colcon.colcon_core.package_discovery:discover_packages(prefix_path) check parameters
[0.349s] Level 1:colcon.colcon_core.package_discovery:discover_packages(prefix_path) discover
[0.352s] DEBUG:colcon.colcon_installed_package_information.package_discovery:Found 270 installed packages in /opt/ros/foxy
[0.354s] Level 1:colcon.colcon_core.package_discovery:discover_packages(prefix_path) using defaults
[0.400s] Level 5:colcon.colcon_core.verb:set package 'patrolling' build argument 'cmake_args' from command line to 'None'
[0.400s] Level 5:colcon.colcon_core.verb:set package 'patrolling' build argument 'cmake_target' from command line to 'None'
[0.400s] Level 5:colcon.colcon_core.verb:set package 'patrolling' build argument 'cmake_target_skip_unavailable' from command line to 'False'
[0.400s] Level 5:colcon.colcon_core.verb:set package 'patrolling' build argument 'cmake_clean_cache' from command line to 'False'
[0.400s] Level 5:colcon.colcon_core.verb:set package 'patrolling' build argument 'cmake_clean_first' from command line to 'False'
[0.400s] Level 5:colcon.colcon_core.verb:set package 'patrolling' build argument 'cmake_force_configure' from command line to 'False'
[0.400s] Level 5:colcon.colcon_core.verb:set package 'patrolling' build argument 'ament_cmake_args' from command line to 'None'
[0.400s] Level 5:colcon.colcon_core.verb:set package 'patrolling' build argument 'catkin_cmake_args' from command line to 'None'
[0.400s] Level 5:colcon.colcon_core.verb:set package 'patrolling' build argument 'catkin_skip_building_tests' from command line to 'False'
[0.400s] DEBUG:colcon.colcon_core.verb:Building package 'patrolling' with the following arguments: {'ament_cmake_args': None, 'build_base': '/home/usuario/Documentos/GitHub/IR2121/Navigation/src/patrolling/build/patrolling', 'catkin_cmake_args': None, 'catkin_skip_building_tests': False, 'cmake_args': None, 'cmake_clean_cache': False, 'cmake_clean_first': False, 'cmake_force_configure': False, 'cmake_target': None, 'cmake_target_skip_unavailable': False, 'install_base': '/home/usuario/Documentos/GitHub/IR2121/Navigation/src/patrolling/install/patrolling', 'merge_install': False, 'path': '/home/usuario/Documentos/GitHub/IR2121/Navigation/src/patrolling', 'symlink_install': False, 'test_result_base': None}
[0.401s] INFO:colcon.colcon_core.executor:Executing jobs using 'parallel' executor
[0.406s] DEBUG:colcon.colcon_parallel_executor.executor.parallel:run_until_complete
[0.406s] INFO:colcon.colcon_ros.task.ament_cmake.build:Building ROS package in '/home/usuario/Documentos/GitHub/IR2121/Navigation/src/patrolling' with build type 'ament_cmake'
[0.406s] INFO:colcon.colcon_cmake.task.cmake.build:Building CMake package in '/home/usuario/Documentos/GitHub/IR2121/Navigation/src/patrolling'
[0.412s] INFO:colcon.colcon_core.plugin_system:Skipping extension 'colcon_core.shell.bat': Not used on non-Windows systems
[0.413s] INFO:colcon.colcon_core.shell:Skip shell extension 'powershell' for command environment: Not usable outside of PowerShell
[0.413s] DEBUG:colcon.colcon_core.shell:Skip shell extension 'dsv' for command environment
[0.427s] DEBUG:colcon.colcon_core.event_handler.log_command:Invoking command in '/home/usuario/Documentos/GitHub/IR2121/Navigation/src/patrolling/build/patrolling': CMAKE_PREFIX_PATH=/opt/ros/foxy /usr/bin/cmake --build /home/usuario/Documentos/GitHub/IR2121/Navigation/src/patrolling/build/patrolling -- -j6 -l6
[3.196s] DEBUG:colcon.colcon_core.event_handler.log_command:Invoked command in '/home/usuario/Documentos/GitHub/IR2121/Navigation/src/patrolling/build/patrolling' returned '0': CMAKE_PREFIX_PATH=/opt/ros/foxy /usr/bin/cmake --build /home/usuario/Documentos/GitHub/IR2121/Navigation/src/patrolling/build/patrolling -- -j6 -l6
[3.233s] DEBUG:colcon.colcon_core.event_handler.log_command:Invoking command in '/home/usuario/Documentos/GitHub/IR2121/Navigation/src/patrolling/build/patrolling': CMAKE_PREFIX_PATH=/opt/ros/foxy /usr/bin/cmake --install /home/usuario/Documentos/GitHub/IR2121/Navigation/src/patrolling/build/patrolling
[3.261s] Level 1:colcon.colcon_core.environment:create_environment_scripts_only(patrolling)
[3.263s] DEBUG:colcon.colcon_core.event_handler.log_command:Invoked command in '/home/usuario/Documentos/GitHub/IR2121/Navigation/src/patrolling/build/patrolling' returned '0': CMAKE_PREFIX_PATH=/opt/ros/foxy /usr/bin/cmake --install /home/usuario/Documentos/GitHub/IR2121/Navigation/src/patrolling/build/patrolling
[3.269s] Level 1:colcon.colcon_core.environment:checking '/home/usuario/Documentos/GitHub/IR2121/Navigation/src/patrolling/install/patrolling' for CMake module files
[3.269s] Level 1:colcon.colcon_core.environment:checking '/home/usuario/Documentos/GitHub/IR2121/Navigation/src/patrolling/install/patrolling' for CMake config files
[3.269s] Level 1:colcon.colcon_core.shell:create_environment_hook('patrolling', 'cmake_prefix_path')
[3.271s] INFO:colcon.colcon_core.shell:Creating environment hook '/home/usuario/Documentos/GitHub/IR2121/Navigation/src/patrolling/install/patrolling/share/patrolling/hook/cmake_prefix_path.ps1'
[3.272s] INFO:colcon.colcon_core.shell:Creating environment descriptor '/home/usuario/Documentos/GitHub/IR2121/Navigation/src/patrolling/install/patrolling/share/patrolling/hook/cmake_prefix_path.dsv'
[3.273s] INFO:colcon.colcon_core.shell:Creating environment hook '/home/usuario/Documentos/GitHub/IR2121/Navigation/src/patrolling/install/patrolling/share/patrolling/hook/cmake_prefix_path.sh'
[3.274s] Level 1:colcon.colcon_core.environment:checking '/home/usuario/Documentos/GitHub/IR2121/Navigation/src/patrolling/install/patrolling/lib'
[3.274s] Level 1:colcon.colcon_core.environment:checking '/home/usuario/Documentos/GitHub/IR2121/Navigation/src/patrolling/install/patrolling/bin'
[3.274s] Level 1:colcon.colcon_core.environment:checking '/home/usuario/Documentos/GitHub/IR2121/Navigation/src/patrolling/install/patrolling/lib/pkgconfig/patrolling.pc'
[3.274s] Level 1:colcon.colcon_core.environment:checking '/home/usuario/Documentos/GitHub/IR2121/Navigation/src/patrolling/install/patrolling/lib/python3.8/site-packages'
[3.275s] Level 1:colcon.colcon_core.environment:checking '/home/usuario/Documentos/GitHub/IR2121/Navigation/src/patrolling/install/patrolling/bin'
[3.277s] INFO:colcon.colcon_core.shell:Creating package script '/home/usuario/Documentos/GitHub/IR2121/Navigation/src/patrolling/install/patrolling/share/patrolling/package.ps1'
[3.278s] INFO:colcon.colcon_core.shell:Creating package descriptor '/home/usuario/Documentos/GitHub/IR2121/Navigation/src/patrolling/install/patrolling/share/patrolling/package.dsv'
[3.278s] INFO:colcon.colcon_core.shell:Creating package script '/home/usuario/Documentos/GitHub/IR2121/Navigation/src/patrolling/install/patrolling/share/patrolling/package.sh'
[3.279s] INFO:colcon.colcon_core.shell:Creating package script '/home/usuario/Documentos/GitHub/IR2121/Navigation/src/patrolling/install/patrolling/share/patrolling/package.bash'
[3.280s] INFO:colcon.colcon_core.shell:Creating package script '/home/usuario/Documentos/GitHub/IR2121/Navigation/src/patrolling/install/patrolling/share/patrolling/package.zsh'
[3.281s] Level 1:colcon.colcon_core.environment:create_file_with_runtime_dependencies(/home/usuario/Documentos/GitHub/IR2121/Navigation/src/patrolling/install/patrolling/share/colcon-core/packages/patrolling)
[3.309s] Level 1:colcon.colcon_core.environment:create_environment_scripts_only(patrolling)
[3.315s] Level 1:colcon.colcon_core.environment:checking '/home/usuario/Documentos/GitHub/IR2121/Navigation/src/patrolling/install/patrolling' for CMake module files
[3.316s] Level 1:colcon.colcon_core.environment:checking '/home/usuario/Documentos/GitHub/IR2121/Navigation/src/patrolling/install/patrolling' for CMake config files
[3.316s] Level 1:colcon.colcon_core.shell:create_environment_hook('patrolling', 'cmake_prefix_path')
[3.318s] INFO:colcon.colcon_core.shell:Creating environment hook '/home/usuario/Documentos/GitHub/IR2121/Navigation/src/patrolling/install/patrolling/share/patrolling/hook/cmake_prefix_path.ps1'
[3.319s] INFO:colcon.colcon_core.shell:Creating environment descriptor '/home/usuario/Documentos/GitHub/IR2121/Navigation/src/patrolling/install/patrolling/share/patrolling/hook/cmake_prefix_path.dsv'
[3.319s] INFO:colcon.colcon_core.shell:Creating environment hook '/home/usuario/Documentos/GitHub/IR2121/Navigation/src/patrolling/install/patrolling/share/patrolling/hook/cmake_prefix_path.sh'
[3.320s] Level 1:colcon.colcon_core.environment:checking '/home/usuario/Documentos/GitHub/IR2121/Navigation/src/patrolling/install/patrolling/lib'
[3.320s] Level 1:colcon.colcon_core.environment:checking '/home/usuario/Documentos/GitHub/IR2121/Navigation/src/patrolling/install/patrolling/bin'
[3.320s] Level 1:colcon.colcon_core.environment:checking '/home/usuario/Documentos/GitHub/IR2121/Navigation/src/patrolling/install/patrolling/lib/pkgconfig/patrolling.pc'
[3.320s] Level 1:colcon.colcon_core.environment:checking '/home/usuario/Documentos/GitHub/IR2121/Navigation/src/patrolling/install/patrolling/lib/python3.8/site-packages'
[3.321s] Level 1:colcon.colcon_core.environment:checking '/home/usuario/Documentos/GitHub/IR2121/Navigation/src/patrolling/install/patrolling/bin'
[3.323s] INFO:colcon.colcon_core.shell:Creating package script '/home/usuario/Documentos/GitHub/IR2121/Navigation/src/patrolling/install/patrolling/share/patrolling/package.ps1'
[3.324s] INFO:colcon.colcon_core.shell:Creating package descriptor '/home/usuario/Documentos/GitHub/IR2121/Navigation/src/patrolling/install/patrolling/share/patrolling/package.dsv'
[3.324s] INFO:colcon.colcon_core.shell:Creating package script '/home/usuario/Documentos/GitHub/IR2121/Navigation/src/patrolling/install/patrolling/share/patrolling/package.sh'
[3.325s] INFO:colcon.colcon_core.shell:Creating package script '/home/usuario/Documentos/GitHub/IR2121/Navigation/src/patrolling/install/patrolling/share/patrolling/package.bash'
[3.325s] INFO:colcon.colcon_core.shell:Creating package script '/home/usuario/Documentos/GitHub/IR2121/Navigation/src/patrolling/install/patrolling/share/patrolling/package.zsh'
[3.325s] Level 1:colcon.colcon_core.environment:create_file_with_runtime_dependencies(/home/usuario/Documentos/GitHub/IR2121/Navigation/src/patrolling/install/patrolling/share/colcon-core/packages/patrolling)
[3.326s] DEBUG:colcon.colcon_parallel_executor.executor.parallel:closing loop
[3.326s] DEBUG:colcon.colcon_parallel_executor.executor.parallel:loop closed
[3.326s] DEBUG:colcon.colcon_parallel_executor.executor.parallel:run_until_complete finished with '0'
[3.326s] DEBUG:colcon.colcon_core.event_reactor:joining thread
[3.331s] INFO:colcon.colcon_core.plugin_system:Skipping extension 'colcon_notification.desktop_notification.terminal_notifier': Not used on non-Darwin systems
[3.331s] INFO:colcon.colcon_core.plugin_system:Skipping extension 'colcon_notification.desktop_notification.win32': Not used on non-Windows systems
[3.331s] INFO:colcon.colcon_notification.desktop_notification:Sending desktop notification using 'notify2'
[3.347s] DEBUG:colcon.colcon_core.event_reactor:joined thread
[3.349s] INFO:colcon.colcon_core.shell:Creating prefix script '/home/usuario/Documentos/GitHub/IR2121/Navigation/src/patrolling/install/local_setup.ps1'
[3.351s] INFO:colcon.colcon_core.shell:Creating prefix util module '/home/usuario/Documentos/GitHub/IR2121/Navigation/src/patrolling/install/_local_setup_util_ps1.py'
[3.352s] INFO:colcon.colcon_core.shell:Creating prefix chain script '/home/usuario/Documentos/GitHub/IR2121/Navigation/src/patrolling/install/setup.ps1'
[3.353s] INFO:colcon.colcon_core.shell:Creating prefix script '/home/usuario/Documentos/GitHub/IR2121/Navigation/src/patrolling/install/local_setup.sh'
[3.354s] INFO:colcon.colcon_core.shell:Creating prefix util module '/home/usuario/Documentos/GitHub/IR2121/Navigation/src/patrolling/install/_local_setup_util_sh.py'
[3.354s] INFO:colcon.colcon_core.shell:Creating prefix chain script '/home/usuario/Documentos/GitHub/IR2121/Navigation/src/patrolling/install/setup.sh'
[3.355s] INFO:colcon.colcon_core.shell:Creating prefix script '/home/usuario/Documentos/GitHub/IR2121/Navigation/src/patrolling/install/local_setup.bash'
[3.356s] INFO:colcon.colcon_core.shell:Creating prefix chain script '/home/usuario/Documentos/GitHub/IR2121/Navigation/src/patrolling/install/setup.bash'
[3.357s] INFO:colcon.colcon_core.shell:Creating prefix script '/home/usuario/Documentos/GitHub/IR2121/Navigation/src/patrolling/install/local_setup.zsh'
[3.357s] INFO:colcon.colcon_core.shell:Creating prefix chain script '/home/usuario/Documentos/GitHub/IR2121/Navigation/src/patrolling/install/setup.zsh'
